Build started 19/03/2017 18:11:20.
     1>Project "D:\PhD\CB\02 Distributed MPC\libs\solvers\NLopt\build\INSTALL.vcxproj" on node 2 (Build target(s)).
     1>PostBuildEvent:
         setlocal
         "C:\Program Files\CMake\bin\cmake.exe" -DBUILD_TYPE=Debug -P cmake_install.cmake
         if %errorlevel% neq 0 goto :cmEnd
         :cmEnd
         endlocal & call :cmErrorLevel %errorlevel% & goto :cmDone
         :cmErrorLevel
         exit /b %1
         :cmDone
         if %errorlevel% neq 0 goto :VCEnd
         :VCEnd
         -- Install configuration: "Debug"
         -- Installing: C:/Program Files/NLOPT/include/nlopt.h
         -- Installing: C:/Program Files/NLOPT/include/nlopt.hpp
         -- Installing: C:/Program Files/NLOPT/include/nlopt.f
         -- Installing: C:/Program Files/NLOPT/lib/nlopt.lib
         -- Installing: C:/Program Files/NLOPT/bin/nlopt-0.dll
     1>Done Building Project "D:\PhD\CB\02 Distributed MPC\libs\solvers\NLopt\build\INSTALL.vcxproj" (Build target(s)).

Build succeeded.

Time Elapsed 00:00:00.15
