Build started 19/03/2017 18:11:10.
     1>Project "D:\PhD\CB\02 Distributed MPC\libs\solvers\NLopt\build\nlopt.vcxproj" on node 2 (Build target(s)).
     1>CustomBuild:
         Building Custom Rule D:/PhD/CB/02 Distributed MPC/libs/solvers/NLopt/nlopt-2.4.2/CMakeLists.txt
         CMake does not need to re-run because D:\PhD\CB\02 Distributed MPC\libs\solvers\NLopt\build\CMakeFiles\generate.stamp is up-to-date.
       ClCompile:
         C:\Program Files (x86)\Microsoft Visual Studio 12.0\VC\bin\x86_amd64\CL.exe /c /I"D:\PhD\CB\02 Distributed MPC\libs\solvers\NLopt\nlopt-2.4.2" /I"D:\PhD\CB\02 Distributed MPC\libs\solvers\NLopt\build" /I"D:\PhD\CB\02 Distributed MPC\libs\solvers\NLopt\nlopt-2.4.2\stogo" /I"D:\PhD\CB\02 Distributed MPC\libs\solvers\NLopt\nlopt-2.4.2\util" /I"D:\PhD\CB\02 Distributed MPC\libs\solvers\NLopt\nlopt-2.4.2\direct" /I"D:\PhD\CB\02 Distributed MPC\libs\solvers\NLopt\nlopt-2.4.2\cdirect" /I"D:\PhD\CB\02 Distributed MPC\libs\solvers\NLopt\nlopt-2.4.2\praxis" /I"D:\PhD\CB\02 Distributed MPC\libs\solvers\NLopt\nlopt-2.4.2\luksan" /I"D:\PhD\CB\02 Distributed MPC\libs\solvers\NLopt\nlopt-2.4.2\crs" /I"D:\PhD\CB\02 Distributed MPC\libs\solvers\NLopt\nlopt-2.4.2\mlsl" /I"D:\PhD\CB\02 Distributed MPC\libs\solvers\NLopt\nlopt-2.4.2\mma" /I"D:\PhD\CB\02 Distributed MPC\libs\solvers\NLopt\nlopt-2.4.2\cobyla" /I"D:\PhD\CB\02 Distributed MPC\libs\solvers\NLopt\nlopt-2.4.2\newuoa" /I"D:\PhD\CB\02 Distributed MPC\libs\solvers\NLopt\nlopt-2.4.2\neldermead" /I"D:\PhD\CB\02 Distributed MPC\libs\solvers\NLopt\nlopt-2.4.2\auglag" /I"D:\PhD\CB\02 Distributed MPC\libs\solvers\NLopt\nlopt-2.4.2\bobyqa" /I"D:\PhD\CB\02 Distributed MPC\libs\solvers\NLopt\nlopt-2.4.2\isres" /I"D:\PhD\CB\02 Distributed MPC\libs\solvers\NLopt\nlopt-2.4.2\slsqp" /I"D:\PhD\CB\02 Distributed MPC\libs\solvers\NLopt\nlopt-2.4.2\esch" /I"D:\PhD\CB\02 Distributed MPC\libs\solvers\NLopt\nlopt-2.4.2\api" /Zi /nologo /W3 /WX- /Od /Ob0 /D WIN32 /D _WINDOWS /D _DEBUG /D NLOPT_DLL /D NLOPT_DLL_EXPORT /D "CMAKE_INTDIR=\"Debug\"" /D nlopt_EXPORTS /D _WINDLL /D _MBCS /Gm- /EHsc /RTC1 /MDd /GS /fp:precise /Zc:wchar_t /Zc:forScope /GR /Fo"nlopt.dir\Debug\\" /Fd"nlopt.dir\Debug\vc120.pdb" /Gd /TC /errorReport:prompt "D:\PhD\CB\02 Distributed MPC\libs\solvers\NLopt\nlopt-2.4.2\direct\DIRect.c" "D:\PhD\CB\02 Distributed MPC\libs\solvers\NLopt\nlopt-2.4.2\direct\direct_wrap.c" "D:\PhD\CB\02 Distributed MPC\libs\solvers\NLopt\nlopt-2.4.2\direct\DIRserial.c" "D:\PhD\CB\02 Distributed MPC\libs\solvers\NLopt\nlopt-2.4.2\direct\DIRsubrout.c" "D:\PhD\CB\02 Distributed MPC\libs\solvers\NLopt\nlopt-2.4.2\cdirect\cdirect.c" "D:\PhD\CB\02 Distributed MPC\libs\solvers\NLopt\nlopt-2.4.2\cdirect\hybrid.c" "D:\PhD\CB\02 Distributed MPC\libs\solvers\NLopt\nlopt-2.4.2\praxis\praxis.c" "D:\PhD\CB\02 Distributed MPC\libs\solvers\NLopt\nlopt-2.4.2\luksan\plis.c" "D:\PhD\CB\02 Distributed MPC\libs\solvers\NLopt\nlopt-2.4.2\luksan\plip.c" "D:\PhD\CB\02 Distributed MPC\libs\solvers\NLopt\nlopt-2.4.2\luksan\pnet.c" "D:\PhD\CB\02 Distributed MPC\libs\solvers\NLopt\nlopt-2.4.2\luksan\mssubs.c" "D:\PhD\CB\02 Distributed MPC\libs\solvers\NLopt\nlopt-2.4.2\luksan\pssubs.c" "D:\PhD\CB\02 Distributed MPC\libs\solvers\NLopt\nlopt-2.4.2\crs\crs.c" "D:\PhD\CB\02 Distributed MPC\libs\solvers\NLopt\nlopt-2.4.2\mlsl\mlsl.c" "D:\PhD\CB\02 Distributed MPC\libs\solvers\NLopt\nlopt-2.4.2\mma\mma.c" "D:\PhD\CB\02 Distributed MPC\libs\solvers\NLopt\nlopt-2.4.2\mma\ccsa_quadratic.c" "D:\PhD\CB\02 Distributed MPC\libs\solvers\NLopt\nlopt-2.4.2\cobyla\cobyla.c" "D:\PhD\CB\02 Distributed MPC\libs\solvers\NLopt\nlopt-2.4.2\newuoa\newuoa.c" "D:\PhD\CB\02 Distributed MPC\libs\solvers\NLopt\nlopt-2.4.2\neldermead\nldrmd.c" "D:\PhD\CB\02 Distributed MPC\libs\solvers\NLopt\nlopt-2.4.2\neldermead\sbplx.c" "D:\PhD\CB\02 Distributed MPC\libs\solvers\NLopt\nlopt-2.4.2\auglag\auglag.c" "D:\PhD\CB\02 Distributed MPC\libs\solvers\NLopt\nlopt-2.4.2\bobyqa\bobyqa.c" "D:\PhD\CB\02 Distributed MPC\libs\solvers\NLopt\nlopt-2.4.2\isres\isres.c" "D:\PhD\CB\02 Distributed MPC\libs\solvers\NLopt\nlopt-2.4.2\slsqp\slsqp.c" "D:\PhD\CB\02 Distributed MPC\libs\solvers\NLopt\nlopt-2.4.2\esch\esch.c" "D:\PhD\CB\02 Distributed MPC\libs\solvers\NLopt\nlopt-2.4.2\api\general.c" "D:\PhD\CB\02 Distributed MPC\libs\solvers\NLopt\nlopt-2.4.2\api\options.c" "D:\PhD\CB\02 Distributed MPC\libs\solvers\NLopt\nlopt-2.4.2\api\optimize.c" "D:\PhD\CB\02 Distributed MPC\libs\solvers\NLopt\nlopt-2.4.2\api\deprecated.c" "D:\PhD\CB\02 Distributed MPC\libs\solvers\NLopt\nlopt-2.4.2\api\f77api.c" "D:\PhD\CB\02 Distributed MPC\libs\solvers\NLopt\nlopt-2.4.2\util\mt19937ar.c" "D:\PhD\CB\02 Distributed MPC\libs\solvers\NLopt\nlopt-2.4.2\util\sobolseq.c" "D:\PhD\CB\02 Distributed MPC\libs\solvers\NLopt\nlopt-2.4.2\util\timer.c" "D:\PhD\CB\02 Distributed MPC\libs\solvers\NLopt\nlopt-2.4.2\util\stop.c" "D:\PhD\CB\02 Distributed MPC\libs\solvers\NLopt\nlopt-2.4.2\util\redblack.c" "D:\PhD\CB\02 Distributed MPC\libs\solvers\NLopt\nlopt-2.4.2\util\qsort_r.c" "D:\PhD\CB\02 Distributed MPC\libs\solvers\NLopt\nlopt-2.4.2\util\rescale.c"
         DIRect.c
         direct_wrap.c
         DIRserial.c
         DIRsubrout.c
         cdirect.c
         hybrid.c
         praxis.c
         plis.c
         plip.c
         pnet.c
         mssubs.c
         pssubs.c
         crs.c
     1>D:\PhD\CB\02 Distributed MPC\libs\solvers\NLopt\nlopt-2.4.2\crs\crs.c(55): warning C4244: 'return' : conversion from '__int64' to 'int', possible loss of data
     1>D:\PhD\CB\02 Distributed MPC\libs\solvers\NLopt\nlopt-2.4.2\crs\crs.c(70): warning C4244: '=' : conversion from '__int64' to 'int', possible loss of data
         mlsl.c
         mma.c
     1>D:\PhD\CB\02 Distributed MPC\libs\solvers\NLopt\nlopt-2.4.2\mma\mma.c(38): warning C4005: 'isnan' : macro redefinition
                 C:\Program Files (x86)\Microsoft Visual Studio 12.0\VC\include\math.h(289) : see previous definition of 'isnan'
         ccsa_quadratic.c
         cobyla.c
         newuoa.c
         nldrmd.c
     1>D:\PhD\CB\02 Distributed MPC\libs\solvers\NLopt\nlopt-2.4.2\neldermead\nldrmd.c(42): warning C4244: 'return' : conversion from '__int64' to 'int', possible loss of data
         sbplx.c
         Generating Code...
         Compiling...
         auglag.c
     1>D:\PhD\CB\02 Distributed MPC\libs\solvers\NLopt\nlopt-2.4.2\auglag\auglag.c(155): warning C4018: '<' : signed/unsigned mismatch
     1>D:\PhD\CB\02 Distributed MPC\libs\solvers\NLopt\nlopt-2.4.2\auglag\auglag.c(166): warning C4018: '<' : signed/unsigned mismatch
     1>D:\PhD\CB\02 Distributed MPC\libs\solvers\NLopt\nlopt-2.4.2\auglag\auglag.c(214): warning C4018: '<' : signed/unsigned mismatch
     1>D:\PhD\CB\02 Distributed MPC\libs\solvers\NLopt\nlopt-2.4.2\auglag\auglag.c(227): warning C4018: '<' : signed/unsigned mismatch
         bobyqa.c
         isres.c
     1>D:\PhD\CB\02 Distributed MPC\libs\solvers\NLopt\nlopt-2.4.2\isres\isres.c(90): warning C4244: '=' : conversion from 'double' to 'int', possible loss of data
         slsqp.c
         esch.c
         general.c
         options.c
         optimize.c
     1>D:\PhD\CB\02 Distributed MPC\libs\solvers\NLopt\nlopt-2.4.2\api\optimize.c(33): warning C4005: 'isnan' : macro redefinition
                 C:\Program Files (x86)\Microsoft Visual Studio 12.0\VC\include\math.h(289) : see previous definition of 'isnan'
         deprecated.c
         f77api.c
         mt19937ar.c
         sobolseq.c
     1>D:\PhD\CB\02 Distributed MPC\libs\solvers\NLopt\nlopt-2.4.2\util\sobolseq.c(96): warning C4146: unary minus operator applied to unsigned type, result still unsigned
         timer.c
     1>D:\PhD\CB\02 Distributed MPC\libs\solvers\NLopt\nlopt-2.4.2\util\timer.c(54): warning C4244: 'return' : conversion from 'time_t' to 'double', possible loss of data
     1>D:\PhD\CB\02 Distributed MPC\libs\solvers\NLopt\nlopt-2.4.2\util\timer.c(85): warning C4244: 'return' : conversion from 'time_t' to 'unsigned long', possible loss of data
         stop.c
         redblack.c
         qsort_r.c
         rescale.c
         Generating Code...
         C:\Program Files (x86)\Microsoft Visual Studio 12.0\VC\bin\x86_amd64\CL.exe /c /I"D:\PhD\CB\02 Distributed MPC\libs\solvers\NLopt\nlopt-2.4.2" /I"D:\PhD\CB\02 Distributed MPC\libs\solvers\NLopt\build" /I"D:\PhD\CB\02 Distributed MPC\libs\solvers\NLopt\nlopt-2.4.2\stogo" /I"D:\PhD\CB\02 Distributed MPC\libs\solvers\NLopt\nlopt-2.4.2\util" /I"D:\PhD\CB\02 Distributed MPC\libs\solvers\NLopt\nlopt-2.4.2\direct" /I"D:\PhD\CB\02 Distributed MPC\libs\solvers\NLopt\nlopt-2.4.2\cdirect" /I"D:\PhD\CB\02 Distributed MPC\libs\solvers\NLopt\nlopt-2.4.2\praxis" /I"D:\PhD\CB\02 Distributed MPC\libs\solvers\NLopt\nlopt-2.4.2\luksan" /I"D:\PhD\CB\02 Distributed MPC\libs\solvers\NLopt\nlopt-2.4.2\crs" /I"D:\PhD\CB\02 Distributed MPC\libs\solvers\NLopt\nlopt-2.4.2\mlsl" /I"D:\PhD\CB\02 Distributed MPC\libs\solvers\NLopt\nlopt-2.4.2\mma" /I"D:\PhD\CB\02 Distributed MPC\libs\solvers\NLopt\nlopt-2.4.2\cobyla" /I"D:\PhD\CB\02 Distributed MPC\libs\solvers\NLopt\nlopt-2.4.2\newuoa" /I"D:\PhD\CB\02 Distributed MPC\libs\solvers\NLopt\nlopt-2.4.2\neldermead" /I"D:\PhD\CB\02 Distributed MPC\libs\solvers\NLopt\nlopt-2.4.2\auglag" /I"D:\PhD\CB\02 Distributed MPC\libs\solvers\NLopt\nlopt-2.4.2\bobyqa" /I"D:\PhD\CB\02 Distributed MPC\libs\solvers\NLopt\nlopt-2.4.2\isres" /I"D:\PhD\CB\02 Distributed MPC\libs\solvers\NLopt\nlopt-2.4.2\slsqp" /I"D:\PhD\CB\02 Distributed MPC\libs\solvers\NLopt\nlopt-2.4.2\esch" /I"D:\PhD\CB\02 Distributed MPC\libs\solvers\NLopt\nlopt-2.4.2\api" /Zi /nologo /W3 /WX- /Od /Ob0 /D WIN32 /D _WINDOWS /D _DEBUG /D NLOPT_DLL /D NLOPT_DLL_EXPORT /D "CMAKE_INTDIR=\"Debug\"" /D nlopt_EXPORTS /D _WINDLL /D _MBCS /Gm- /EHsc /RTC1 /MDd /GS /fp:precise /Zc:wchar_t /Zc:forScope /GR /Fo"nlopt.dir\Debug\\" /Fd"nlopt.dir\Debug\vc120.pdb" /Gd /TP /errorReport:prompt "D:\PhD\CB\02 Distributed MPC\libs\solvers\NLopt\nlopt-2.4.2\stogo\global.cc" "D:\PhD\CB\02 Distributed MPC\libs\solvers\NLopt\nlopt-2.4.2\stogo\linalg.cc" "D:\PhD\CB\02 Distributed MPC\libs\solvers\NLopt\nlopt-2.4.2\stogo\local.cc" "D:\PhD\CB\02 Distributed MPC\libs\solvers\NLopt\nlopt-2.4.2\stogo\stogo.cc" "D:\PhD\CB\02 Distributed MPC\libs\solvers\NLopt\nlopt-2.4.2\stogo\tools.cc"
         global.cc
         linalg.cc
         local.cc
         stogo.cc
         tools.cc
     1>D:\PhD\CB\02 Distributed MPC\libs\solvers\NLopt\nlopt-2.4.2\stogo\tools.cc(166): warning C4267: 'return' : conversion from 'size_t' to 'unsigned int', possible loss of data
     1>D:\PhD\CB\02 Distributed MPC\libs\solvers\NLopt\nlopt-2.4.2\stogo\tools.cc(179): warning C4267: '=' : conversion from 'size_t' to 'int', possible loss of data
         Generating Code...
       Link:
         C:\Program Files (x86)\Microsoft Visual Studio 12.0\VC\bin\x86_amd64\link.exe /ERRORREPORT:PROMPT /OUT:"D:\PhD\CB\02 Distributed MPC\libs\solvers\NLopt\build\Debug\nlopt-0.dll" /INCREMENTAL /NOLOGO kernel32.lib user32.lib gdi32.lib winspool.lib shell32.lib ole32.lib oleaut32.lib uuid.lib comdlg32.lib advapi32.lib /MANIFEST /MANIFESTUAC:"level='asInvoker' uiAccess='false'" /manifest:embed /DEBUG /PDB:"D:/PhD/CB/02 Distributed MPC/libs/solvers/NLopt/build/Debug/nlopt.pdb" /SUBSYSTEM:CONSOLE /TLBID:1 /DYNAMICBASE /NXCOMPAT /IMPLIB:"D:/PhD/CB/02 Distributed MPC/libs/solvers/NLopt/build/Debug/nlopt.lib" /MACHINE:X64  /machine:x64 /DLL nlopt.dir\Debug\DIRect.obj
         nlopt.dir\Debug\direct_wrap.obj
         nlopt.dir\Debug\DIRserial.obj
         nlopt.dir\Debug\DIRsubrout.obj
         nlopt.dir\Debug\cdirect.obj
         nlopt.dir\Debug\hybrid.obj
         nlopt.dir\Debug\praxis.obj
         nlopt.dir\Debug\plis.obj
         nlopt.dir\Debug\plip.obj
         nlopt.dir\Debug\pnet.obj
         nlopt.dir\Debug\mssubs.obj
         nlopt.dir\Debug\pssubs.obj
         nlopt.dir\Debug\crs.obj
         nlopt.dir\Debug\mlsl.obj
         nlopt.dir\Debug\mma.obj
         nlopt.dir\Debug\ccsa_quadratic.obj
         nlopt.dir\Debug\cobyla.obj
         nlopt.dir\Debug\newuoa.obj
         nlopt.dir\Debug\nldrmd.obj
         nlopt.dir\Debug\sbplx.obj
         nlopt.dir\Debug\auglag.obj
         nlopt.dir\Debug\bobyqa.obj
         nlopt.dir\Debug\isres.obj
         nlopt.dir\Debug\slsqp.obj
         nlopt.dir\Debug\esch.obj
         nlopt.dir\Debug\general.obj
         nlopt.dir\Debug\options.obj
         nlopt.dir\Debug\optimize.obj
         nlopt.dir\Debug\deprecated.obj
         nlopt.dir\Debug\f77api.obj
         nlopt.dir\Debug\mt19937ar.obj
         nlopt.dir\Debug\sobolseq.obj
         nlopt.dir\Debug\timer.obj
         nlopt.dir\Debug\stop.obj
         nlopt.dir\Debug\redblack.obj
         nlopt.dir\Debug\qsort_r.obj
         nlopt.dir\Debug\rescale.obj
         nlopt.dir\Debug\global.obj
         nlopt.dir\Debug\linalg.obj
         nlopt.dir\Debug\local.obj
         nlopt.dir\Debug\stogo.obj
         nlopt.dir\Debug\tools.obj
            Creating library D:/PhD/CB/02 Distributed MPC/libs/solvers/NLopt/build/Debug/nlopt.lib and object D:/PhD/CB/02 Distributed MPC/libs/solvers/NLopt/build/Debug/nlopt.exp
         nlopt.vcxproj -> D:\PhD\CB\02 Distributed MPC\libs\solvers\NLopt\build\Debug\nlopt-0.dll
     1>Done Building Project "D:\PhD\CB\02 Distributed MPC\libs\solvers\NLopt\build\nlopt.vcxproj" (Build target(s)).

Build succeeded.

Time Elapsed 00:00:03.68
